_XSERVTransmkdir: ERROR: euid != 0,directory /tmp/.X11-unix will not be created.

Xvnc TigerVNC 1.12.0 - built 2022-03-25 17:06
Copyright (C) 1999-2021 TigerVNC Team and many others (see README.rst)
See https://www.tigervnc.org for information on TigerVNC.
Underlying X server release 12101003, X.Org


Mon Nov 10 17:46:31 2025
 vncext:      VNC extension running!
 vncext:      Listening for VNC connections on local interface(s), port 5901
 vncext:      created VNC server for screen 0
[mi] mieq: warning: overriding existing handler (nil) with 0x55c5ff325400 for event 2
[mi] mieq: warning: overriding existing handler (nil) with 0x55c5ff325400 for event 3
3NI3X0 New Xtigervnc server 'desktop:1 (labsuser)' on port 5901 for display :1.
3NI3X0 Use xtigervncviewer -SecurityTypes none :1 to connect to the VNC server.
/usr/bin/startxfce4: X server already running on display :1

(process:41): Gtk-WARNING **: 17:46:32.131: Locale not supported by C library.
	Using the fallback 'C' locale.
_IceTransmkdir: ERROR: euid != 0,directory /tmp/.ICE-unix will not be created.
gpg-agent[82]: directory '/home/labsuser/.gnupg' created
gpg-agent[82]: directory '/home/labsuser/.gnupg/private-keys-v1.d' created
gpg-agent[84]: gpg-agent (GnuPG) 2.2.27 started

(process:85): Gtk-WARNING **: 17:46:32.367: Locale not supported by C library.
	Using the fallback 'C' locale.

(xfwm4:85): GLib-CRITICAL **: 17:46:32.436: g_str_has_prefix: assertion 'prefix != NULL' failed

(xfwm4:85): xfwm4-WARNING **: 17:46:32.780: Another compositing manager is running on screen 0

(xfsettingsd:103): Gtk-WARNING **: 17:46:32.800: Locale not supported by C library.
	Using the fallback 'C' locale.

(xfsettingsd:103): libupower-glib-WARNING **: 17:46:32.812: Couldn't connect to proxy: Could not connect: No such file or directory

(xfsettingsd:103): GLib-CRITICAL **: 17:46:32.824: g_str_has_prefix: assertion 'prefix != NULL' failed

(xfsettingsd:103): GLib-GObject-CRITICAL **: 17:46:32.825: g_value_get_string: assertion 'G_VALUE_HOLDS_STRING (value)' failed

(xfsettingsd:103): GLib-GObject-CRITICAL **: 17:46:32.826: g_value_get_string: assertion 'G_VALUE_HOLDS_STRING (value)' failed

(xfsettingsd:103): GLib-GObject-CRITICAL **: 17:46:32.829: g_value_get_string: assertion 'G_VALUE_HOLDS_STRING (value)' failed

(process:108): Gtk-WARNING **: 17:46:32.887: Locale not supported by C library.
	Using the fallback 'C' locale.

(process:113): Gtk-WARNING **: 17:46:32.923: Locale not supported by C library.
	Using the fallback 'C' locale.

(Thunar:112): Gtk-WARNING **: 17:46:32.924: Locale not supported by C library.
	Using the fallback 'C' locale.

(xfdesktop:129): Gtk-WARNING **: 17:46:33.054: Locale not supported by C library.
	Using the fallback 'C' locale.

(xfce4-session:41): xfce4-session-WARNING **: 17:46:33.342: Unable to launch "xfce4-power-manager" (specified by autostart/xfce4-power-manager.desktop): Failed to execute child process ?xfce4-power-manager? (No such file or directory)

(xfce4-session:41): xfce4-session-WARNING **: 17:46:33.351: Unable to launch "xfce4-screensaver" (specified by autostart/xfce4-screensaver.desktop): Failed to execute child process ?xfce4-screensaver? (No such file or directory)

(xfsettingsd:163): Gtk-WARNING **: 17:46:33.352: Locale not supported by C library.
	Using the fallback 'C' locale.

(process:166): Gtk-WARNING **: 17:46:33.353: Locale not supported by C library.
	Using the fallback 'C' locale.
Connection failure: Connection refused
pa_context_connect() failed: Connection refused

** (xiccd:175): CRITICAL **: 17:46:33.357: Failed to connect to colord: Could not connect: No such file or directory

(process:176): Gtk-WARNING **: 17:46:33.361: Locale not supported by C library.
	Using the fallback 'C' locale.

(polkit-gnome-authentication-agent-1:176): polkit-gnome-1-WARNING **: 17:46:33.371: Error getting authority: Error initializing authority: Could not connect: No such file or directory

(xfdesktop:129): GVFS-RemoteVolumeMonitor-WARNING **: 17:46:33.542: remote volume monitor with dbus name org.gtk.vfs.UDisks2VolumeMonitor is not supported
xfce4-panel-Message: 17:46:33.564: Plugin "(null)-7" was not found and has been removed from the configuration
xfce4-panel-Message: 17:46:33.567: Plugin "power-manager-plugin-9" was not found and has been removed from the configuration

(process:215): Gtk-WARNING **: 17:46:33.571: Locale not supported by C library.
	Using the fallback 'C' locale.

(process:220): Gtk-WARNING **: 17:46:33.578: Locale not supported by C library.
	Using the fallback 'C' locale.

(process:217): Gtk-WARNING **: 17:46:33.578: Locale not supported by C library.
	Using the fallback 'C' locale.

(process:235): Gtk-WARNING **: 17:46:33.727: Locale not supported by C library.
	Using the fallback 'C' locale.

** (xfdesktop:129): WARNING **: 17:46:33.730: Failed to get system bus: Could not connect: No such file or directory

(wrapper-2.0:220): GLib-GIO-CRITICAL **: 17:46:34.235: g_file_new_for_path: assertion 'path != NULL' failed

(wrapper-2.0:220): GLib-GIO-CRITICAL **: 17:46:34.235: g_file_monitor_file: assertion 'G_IS_FILE (file)' failed

(wrapper-2.0:220): GLib-GObject-WARNING **: 17:46:34.235: invalid (NULL) pointer instance

(wrapper-2.0:220): GLib-GObject-CRITICAL **: 17:46:34.235: g_signal_connect_data: assertion 'G_TYPE_CHECK_INSTANCE (instance)' failed

(wrapper-2.0:220): Gtk-WARNING **: 17:46:34.235: Attempting to add a widget with type GtkToggleButton to a container of type XfcePanelPlugin, but the widget is already inside a container of type XfcePanelPlugin, please remove the widget from its existing container first.

(wrapper-2.0:220): Gtk-WARNING **: 17:46:34.319: Negative content width -3 (allocation 1, extents 2x2) while allocating gadget (node button, owner GtkToggleButton)

(wrapper-2.0:235): libactions-WARNING **: 17:46:34.333: Calling CanShutdown failed GDBus.Error:org.xfce.SessionManager.Error.Failed: Could not connect: No such file or directory

(wrapper-2.0:235): libactions-WARNING **: 17:46:34.334: Calling CanRestart failed GDBus.Error:org.xfce.SessionManager.Error.Failed: Could not connect: No such file or directory

(xfce4-session:41): xfce4-session-WARNING **: 17:46:34.339: failed to run script: Failed to execute child process ?/usr/bin/pm-is-supported? (No such file or directory)

(xfce4-session:41): xfce4-session-WARNING **: 17:46:34.344: failed to run script: Failed to execute child process ?/usr/bin/pm-is-supported? (No such file or directory)

(wrapper-2.0:217): Gtk-WARNING **: 17:46:34.344: Negative content width -3 (allocation 1, extents 2x2) while allocating gadget (node button, owner PulseaudioButton)

(xfce4-session:41): xfce4-session-WARNING **: 17:46:34.349: failed to run script: Failed to execute child process ?/usr/bin/pm-is-supported? (No such file or directory)

Mon Nov 10 17:47:08 2025
 Connections: accepted: 127.0.0.1::37846
 SConnection: Client needs protocol version 3.8
 SConnection: Client requests security type None(1)
 VNCSConnST:  Server default pixel format depth 24 (32bpp) little-endian rgb888
 VNCSConnST:  Client pixel format depth 24 (32bpp) little-endian rgb888
 ComparingUpdateTracker: 0 pixels in / 0 pixels out
 ComparingUpdateTracker: (1:-nan ratio)

Mon Nov 10 17:49:00 2025
 VNCSConnST:  closing 127.0.0.1::37846: Clean disconnection
 EncodeManager: Framebuffer updates: 335
 EncodeManager:   Tight:
 EncodeManager:     Solid: 5 rects, 2.967 kpixels
 EncodeManager:            80 B (1:149.1 ratio)
 EncodeManager:     Bitmap RLE: 4 rects, 4.16 kpixels
 EncodeManager:                 137 B (1:121.81 ratio)
 EncodeManager:     Indexed RLE: 103 rects, 302.43 kpixels
 EncodeManager:                  36.1689 KiB (1:32.6958 ratio)
 EncodeManager:   Tight (JPEG):
 EncodeManager:     Full Colour: 282 rects, 2.825 Mpixels
 EncodeManager:                  603.399 KiB (1:18.2938 ratio)
 EncodeManager:   Total: 394 rects, 3.13455 Mpixels
 EncodeManager:          639.78 KiB (1:19.1456 ratio)
 Connections: closed: 127.0.0.1::37846
 ComparingUpdateTracker: 2.75722 Mpixels in / 767.11 kpixels out
 ComparingUpdateTracker: (1:3.5943 ratio)

Mon Nov 10 17:53:47 2025
 Connections: accepted: 127.0.0.1::44848
 SConnection: Client needs protocol version 3.8
 SConnection: Client requests security type None(1)
 VNCSConnST:  Server default pixel format depth 24 (32bpp) little-endian rgb888
 VNCSConnST:  Client pixel format depth 24 (32bpp) little-endian rgb888

Mon Nov 10 17:57:00 2025
 VNCSConnST:  closing 127.0.0.1::44848: Clean disconnection
 EncodeManager: Framebuffer updates: 939
 EncodeManager:   Tight:
 EncodeManager:     Bitmap RLE: 1 rects, 160 pixels
 EncodeManager:                 45 B (1:14.4889 ratio)
 EncodeManager:     Indexed RLE: 376 rects, 292.216 kpixels
 EncodeManager:                  78.9492 KiB (1:14.5141 ratio)
 EncodeManager:   Tight (JPEG):
 EncodeManager:     Full Colour: 576 rects, 1.03783 Mpixels
 EncodeManager:                  929.216 KiB (1:4.37012 ratio)
 EncodeManager:   Total: 953 rects, 1.33021 Mpixels
 EncodeManager:          1008.21 KiB (1:5.16489 ratio)
 Connections: closed: 127.0.0.1::44848
 ComparingUpdateTracker: 10.736 kpixels in / 576 pixels out
 ComparingUpdateTracker: (1:18.6389 ratio)

Mon Nov 10 18:17:01 2025
 Connections: accepted: 127.0.0.1::43506

Mon Nov 10 18:17:02 2025
 SConnection: Client needs protocol version 3.8
 SConnection: Client requests security type None(1)
 VNCSConnST:  Server default pixel format depth 24 (32bpp) little-endian rgb888
 VNCSConnST:  Client pixel format depth 24 (32bpp) little-endian rgb888
